<?xml version="1.0" encoding="UTF-8"?>
<testsuite name="org.example.springboot.web.HelloControllerTest" tests="2" skipped="0" failures="0" errors="0" timestamp="2023-01-02T06:19:41" hostname="DESKTOP-GI8OOGB" time="0.081">
  <properties/>
  <testcase name="hello가_리턴된다" classname="org.example.springboot.web.HelloControllerTest" time="0.025"/>
  <testcase name="helloDto가_리턴된다" classname="org.example.springboot.web.HelloControllerTest" time="0.055"/>
  <system-out><![CDATA[2023-01-02 15:19:40.448  INFO 30556 --- [    Test worker] .b.t.a.w.s.WebMvcTestContextBootstrapper : Neither @ContextConfiguration nor @ContextHierarchy found for test class [org.example.springboot.web.HelloControllerTest], using SpringBootContextLoader
2023-01-02 15:19:40.450  INFO 30556 --- [    Test worker] o.s.t.c.support.AbstractContextLoader    : Could not detect default resource locations for test class [org.example.springboot.web.HelloControllerTest]: no resource found for suffixes {-context.xml, Context.groovy}.
2023-01-02 15:19:40.450  INFO 30556 --- [    Test worker] t.c.s.AnnotationConfigContextLoaderUtils : Could not detect default configuration classes for test class [org.example.springboot.web.HelloControllerTest]: HelloControllerTest does not declare any static, non-private, non-final, nested classes annotated with @Configuration.
2023-01-02 15:19:40.473  INFO 30556 --- [    Test worker] .b.t.c.SpringBootTestContextBootstrapper : Found @SpringBootConfiguration org.example.springboot.Application for test class org.example.springboot.web.HelloControllerTest
2023-01-02 15:19:40.474  INFO 30556 --- [    Test worker] .b.t.a.w.s.WebMvcTestContextBootstrapper : Loaded default TestExecutionListener class names from location [META-INF/spring.factories]: [org.springframework.security.test.context.support.WithSecurityContextTestExecutionListener, org.springframework.security.test.context.support.ReactorContextTestExecutionListener, org.springframework.boot.test.autoconfigure.restdocs.RestDocsTestExecutionListener, org.springframework.boot.test.autoconfigure.web.client.MockRestServiceServerResetTestExecutionListener, org.springframework.boot.test.autoconfigure.web.servlet.MockMvcPrintOnlyOnFailureTestExecutionListener, org.springframework.boot.test.autoconfigure.web.servlet.WebDriverTestExecutionListener, org.springframework.boot.test.mock.mockito.MockitoTestExecutionListener, org.springframework.boot.test.mock.mockito.ResetMocksTestExecutionListener, org.springframework.test.context.web.ServletTestExecutionListener, org.springframework.test.context.support.DirtiesContextBeforeModesTestExecutionListener, org.springframework.test.context.support.DependencyInjectionTestExecutionListener, org.springframework.test.context.support.DirtiesContextTestExecutionListener, org.springframework.test.context.transaction.TransactionalTestExecutionListener, org.springframework.test.context.jdbc.SqlScriptsTestExecutionListener]
2023-01-02 15:19:40.475  INFO 30556 --- [    Test worker] .b.t.a.w.s.WebMvcTestContextBootstrapper : Using TestExecutionListeners: [org.springframework.test.context.web.ServletTestExecutionListener@61f7e20c, org.springframework.test.context.support.DirtiesContextBeforeModesTestExecutionListener@36e4dda2, org.springframework.boot.test.mock.mockito.MockitoTestExecutionListener@15d50044, org.springframework.boot.test.autoconfigure.SpringBootDependencyInjectionTestExecutionListener@5c8a9531, org.springframework.test.context.support.DirtiesContextTestExecutionListener@233eb2e, org.springframework.test.context.transaction.TransactionalTestExecutionListener@122a3f07, org.springframework.test.context.jdbc.SqlScriptsTestExecutionListener@2fc0da26, org.springframework.security.test.context.support.WithSecurityContextTestExecutionListener@276bf1f2, org.springframework.security.test.context.support.ReactorContextTestExecutionListener@3a1c04aa, org.springframework.boot.test.autoconfigure.restdocs.RestDocsTestExecutionListener@790dd6e9, org.springframework.boot.test.autoconfigure.web.client.MockRestServiceServerResetTestExecutionListener@50b53204, org.springframework.boot.test.autoconfigure.web.servlet.MockMvcPrintOnlyOnFailureTestExecutionListener@2829bd81, org.springframework.boot.test.autoconfigure.web.servlet.WebDriverTestExecutionListener@72cad57a, org.springframework.boot.test.mock.mockito.ResetMocksTestExecutionListener@65e7ef54]

  .   ____          _            __ _ _
 /\\ / ___'_ __ _ _(_)_ __  __ _ \ \ \ \
( ( )\___ | '_ | '_| | '_ \/ _` | \ \ \ \
 \\/  ___)| |_)| | | | | || (_| |  ) ) ) )
  '  |____| .__|_| |_|_| |_\__, | / / / /
 =========|_|==============|___/=/_/_/_/
 :: Spring Boot ::        (v2.1.7.RELEASE)

2023-01-02 15:19:40.542  INFO 30556 --- [    Test worker] o.e.springboot.web.HelloControllerTest   : Starting HelloControllerTest on DESKTOP-GI8OOGB with PID 30556 (started by 82105 in C:\Users\82105\IdeaProjects\springboot2_webservice)
2023-01-02 15:19:40.542  INFO 30556 --- [    Test worker] o.e.springboot.web.HelloControllerTest   : The following profiles are active: oauth
2023-01-02 15:19:41.091  INFO 30556 --- [    Test worker] o.s.s.concurrent.ThreadPoolTaskExecutor  : Initializing ExecutorService 'applicationTaskExecutor'
2023-01-02 15:19:41.140  INFO 30556 --- [    Test worker] o.s.b.a.w.s.WelcomePageHandlerMapping    : Adding welcome page template: index
2023-01-02 15:19:41.460  INFO 30556 --- [    Test worker] .s.s.UserDetailsServiceAutoConfiguration : 

Using generated security password: 87bd2a9a-8c10-44aa-855b-f07bba68f227

2023-01-02 15:19:41.636  INFO 30556 --- [    Test worker] o.s.s.web.DefaultSecurityFilterChain     : Creating filter chain: any request, [org.springframework.security.web.context.request.async.WebAsyncManagerIntegrationFilter@3562ba2, org.springframework.security.web.context.SecurityContextPersistenceFilter@3b8c03f9, org.springframework.security.web.header.HeaderWriterFilter@5e50ba31, org.springframework.security.web.csrf.CsrfFilter@4bb5df53, org.springframework.security.web.authentication.logout.LogoutFilter@71732ed3, org.springframework.security.web.authentication.UsernamePasswordAuthenticationFilter@193afeb4, org.springframework.security.web.authentication.ui.DefaultLoginPageGeneratingFilter@24667d83, org.springframework.security.web.authentication.ui.DefaultLogoutPageGeneratingFilter@648400ca, org.springframework.security.web.authentication.www.BasicAuthenticationFilter@23716995, org.springframework.security.web.savedrequest.RequestCacheAwareFilter@11e7a1c5, org.springframework.security.web.servletapi.SecurityContextHolderAwareRequestFilter@4a3d10fa, org.springframework.security.web.authentication.AnonymousAuthenticationFilter@4c91e00e, org.springframework.security.web.session.SessionManagementFilter@3bfaa9ef, org.springframework.security.web.access.ExceptionTranslationFilter@f24aca9, org.springframework.security.web.access.intercept.FilterSecurityInterceptor@9bcfe8f]
2023-01-02 15:19:41.657  INFO 30556 --- [    Test worker] o.s.b.t.m.w.SpringBootMockServletContext : Initializing Spring TestDispatcherServlet ''
2023-01-02 15:19:41.657  INFO 30556 --- [    Test worker] o.s.t.web.servlet.TestDispatcherServlet  : Initializing Servlet ''
2023-01-02 15:19:41.668  INFO 30556 --- [    Test worker] o.s.t.web.servlet.TestDispatcherServlet  : Completed initialization in 11 ms
2023-01-02 15:19:41.697  INFO 30556 --- [    Test worker] o.e.springboot.web.HelloControllerTest   : Started HelloControllerTest in 1.219 seconds (JVM running for 15.879)
]]></system-out>
  <system-err><![CDATA[]]></system-err>
</testsuite>
